<?xml version="1.0" encoding="UTF-8"?>
<Site BuildName="Darwin-clang++"
	BuildStamp="20231003-1705-Experimental"
	Name="Arhams-MacBook-Air.local"
	Generator="ctest-3.27.4"
	CompilerName="/usr/bin/clang++"
	CompilerVersion="14.0.3.14030022"
	OSName="macOS"
	Hostname="Arhams-MacBook-Air.local"
	OSRelease="13.6"
	OSVersion="22G120"
	OSPlatform="arm64"
	Is64Bits="1"
	VendorString="IBM"
	VendorID="IBM"
	FamilyID="16777228"
	ModelID="2"
	ProcessorCacheSize="131072"
	NumberOfLogicalCPU="8"
	NumberOfPhysicalCPU="8"
	TotalVirtualMemory="5120"
	TotalPhysicalMemory="8192"
	LogicalProcessorsPerPhysical="8"
	ProcessorClockFrequency="0"
	>
	<Testing>
		<StartDateTime>Oct 03 22:17 PKT</StartDateTime>
		<StartTestTime>1696353423</StartTestTime>
		<TestList/>
		<EndDateTime>Oct 03 22:17 PKT</EndDateTime>
		<EndTestTime>1696353423</EndTestTime>
		<ElapsedMinutes>0</ElapsedMinutes>
	</Testing>
</Site>
